0	1	mikroCARM.exe -MSF -DBG -pSTM32F103C8 -BIN -LHF -C -DL -SSA -O11111114 -fo8 -N"C:\Users\Dan\Desktop\NEST\nestLora103\nestLora.mcpar" -SP"C:\Mikroelektronika\mikroC PRO for ARM\Defs\" -SP"C:\Mikroelektronika\mikroC PRO for ARM\Uses\ST M3\" -SP"C:\Users\Dan\Desktop\NEST\nestLora103\" -IP"C:\Mikroelektronika\mikroC PRO for ARM\Uses\TI M3\" -IP"C:\Users\Dan\Desktop\NEST\nestLora103\" "nestLora.c" "interruptUart2.c" "interruptUart3.c" "uartSendToAndroid.c" "uartSendToBoat.c" "timer2.c" "__Lib_Math.emcl" "__Lib_MathDouble.emcl" "__Lib_Delays.emcl" "__Lib_System_101_102_103.emcl" "__Lib_GPIO_32F10x_Defs.emcl" "__Lib_GPIO_32F10x.emcl" "__Lib_UART_123.emcl"	 
diagnostics: 0	122	Compilation Started	def.h
diagnostics: 110	123	Compiled Successfully	nestLora.c
diagnostics: 0	122	Compilation Started	externdef.h
hint: 0	1004	interrupt handler (interruptUart2 at 0x0036)	interruptUart2.c
diagnostics: 87	123	Compiled Successfully	interruptUart2.c
diagnostics: 0	122	Compilation Started	externdef.h
hint: 0	1004	interrupt handler (interruptUart3 at 0x0037)	interruptUart3.c
diagnostics: 98	123	Compiled Successfully	interruptUart3.c
diagnostics: 0	122	Compilation Started	externdef.h
diagnostics: 14	123	Compiled Successfully	uartSendToAndroid.c
diagnostics: 0	122	Compilation Started	externdef.h
diagnostics: 15	123	Compiled Successfully	uartSendToBoat.c
diagnostics: 0	122	Compilation Started	externdef.h
hint: 0	1004	interrupt handler (Timer2_interrupt at 0x002C)	timer2.c
diagnostics: 17	123	Compiled Successfully	timer2.c
diagnostics: 0	127	All files Compiled in 984 ms	 
hint: 0	1144	Used RX: 16 (100%)   Free RX: 0 (0%)	Used RX: 16 (100%)   Free RX: 0 (0%)
hint: 0	1144	Static RAM (bytes): 72   Dynamic RAM (bytes): 20405	Static RAM (bytes): 72   Dynamic RAM (bytes): 20405
hint: 0	1144	Used ROM (bytes): 5180 (8%)  Free ROM (bytes): 60356 (92%)	Used ROM (bytes): 5180 (8%)  Free ROM (bytes): 60356 (92%)
diagnostics: 0	125	Project Linked Successfully	nestLora.mcpar
diagnostics: 0	128	Linked in 609 ms	 
diagnostics: 0	129	Project 'nestLora.mcpar' completed: 1828 ms	 
diagnostics: 0	103	Finished successfully: 29 avg 2020, 11:36:18	nestLora.mcpar
