0	1	mikroCARM.exe -MSF -DBG -pSTM32F103C8 -BIN -LHF -DL -SSA -O11111114 -fo72 -N"C:\Users\Dan\Desktop\NNEESSTT\nestHelm\nestHelm.mcpar" -SP"C:\Mikroelektronika\mikroC PRO for ARM\Defs\" -SP"C:\Mikroelektronika\mikroC PRO for ARM\Uses\ST M3\" -SP"C:\Users\Dan\Desktop\NNEESSTT\nestHelm\" -IP"C:\Mikroelektronika\mikroC PRO for ARM\Uses\ST M3\" -IP"C:\Users\Dan\Desktop\NNEESSTT\nestHelm\" "nestHelm.c" "interruptUart1.c" "uart1Send.c" "timer2.c" "eeprom.c" "__Lib_Math.emcl" "__Lib_MathDouble.emcl" "__Lib_Delays.emcl" "__Lib_System_101_102_103.emcl" "__Lib_GPIO_32F10x_Defs.emcl" "__Lib_GPIO_32F10x.emcl" "__Lib_Button.emcl" "__Lib_ADC_12_32F10x_10ch.emcl" "__Lib_I2C_12.emcl" "__Lib_UART_123.emcl"	 
diagnostics: 0	122	Compilation Started	externdef.h
diagnostics: 435	123	Compiled Successfully	nestHelm.c
diagnostics: 0	122	Compilation Started	externdef.h
hint: 0	1004	interrupt handler (interruptJoystick at 0x0035)	interruptUart1.c
diagnostics: 168	123	Compiled Successfully	interruptUart1.c
diagnostics: 0	122	Compilation Started	externdef.h
diagnostics: 38	123	Compiled Successfully	uart1Send.c
diagnostics: 0	122	Compilation Started	externdef.h
hint: 0	1004	interrupt handler (Timer2_interrupt at 0x002C)	timer2.c
diagnostics: 20	123	Compiled Successfully	timer2.c
diagnostics: 0	122	Compilation Started	externdef.h
diagnostics: 76	123	Compiled Successfully	eeprom.c
diagnostics: 0	127	All files Compiled in 1093 ms	 
hint: 0	1144	Used RX: 16 (100%)   Free RX: 0 (0%)	Used RX: 16 (100%)   Free RX: 0 (0%)
hint: 0	1144	Static RAM (bytes): 1006   Dynamic RAM (bytes): 19471	Static RAM (bytes): 1006   Dynamic RAM (bytes): 19471
hint: 0	1144	Used ROM (bytes): 12175 (19%)  Free ROM (bytes): 53361 (81%)	Used ROM (bytes): 12175 (19%)  Free ROM (bytes): 53361 (81%)
diagnostics: 0	125	Project Linked Successfully	nestHelm.mcpar
diagnostics: 0	128	Linked in 625 ms	 
diagnostics: 0	129	Project 'nestHelm.mcpar' completed: 2062 ms	 
diagnostics: 0	103	Finished successfully: 31 Aug 2021, 09:44:59	nestHelm.mcpar
